# JRE version: OpenJDK Runtime Environment (11.0.11+9) (build 11.0.11+9-b60-7590822)
# Java VM: OpenJDK 64-Bit Server VM (11.0.11+9-b60-7590822, mixed mode, tiered, compressed oops, g1 gc, windows-amd64)
Heap:
 garbage-first heap   total 727040K, used 85195K [0x0000000080000000, 0x0000000100000000)
  region size 1024K, 2 young (2048K), 2 survivors (2048K)
 Metaspace       used 67411K, capacity 69302K, committed 69532K, reserved 1110016K
  class space    used 8245K, capacity 8924K, committed 9036K, reserved 1048576K
GC Heap History (20 events):
Event: 207.040 GC heap after
{Heap after GC invocations=101 (full 0):
 garbage-first heap   total 254976K, used 84329K [0x0000000080000000, 0x0000000100000000)
  region size 1024K, 1 young (1024K), 1 survivors (1024K)
 Metaspace       used 67408K, capacity 69302K, committed 69532K, reserved 1110016K
  class space    used 8245K, capacity 8924K, committed 9036K, reserved 1048576K
}
Event: 207.116 GC heap before
{Heap before GC invocations=101 (full 0):
 garbage-first heap   total 254976K, used 94569K [0x0000000080000000, 0x0000000100000000)
  region size 1024K, 12 young (12288K), 1 survivors (1024K)
 Metaspace       used 67409K, capacity 69302K, committed 69532K, reserved 1110016K
  class space    used 8245K, capacity 8924K, committed 9036K, reserved 1048576K
}
Event: 207.119 GC heap after
{Heap after GC invocations=102 (full 0):
 garbage-first heap   total 254976K, used 84344K [0x0000000080000000, 0x0000000100000000)
  region size 1024K, 1 young (1024K), 1 survivors (1024K)
 Metaspace       used 67409K, capacity 69302K, committed 69532K, reserved 1110016K
  class space    used 8245K, capacity 8924K, committed 9036K, reserved 1048576K
}
Event: 207.166 GC heap before
{Heap before GC invocations=102 (full 0):
 garbage-first heap   total 254976K, used 95608K [0x0000000080000000, 0x0000000100000000)
  region size 1024K, 12 young (12288K), 1 survivors (1024K)
 Metaspace       used 67409K, capacity 69302K, committed 69532K, reserved 1110016K
  class space    used 8245K, capacity 8924K, committed 9036K, reserved 1048576K
}
Event: 207.169 GC heap after
{Heap after GC invocations=103 (full 0):
 garbage-first heap   total 254976K, used 84622K [0x0000000080000000, 0x0000000100000000)
  region size 1024K, 1 young (1024K), 1 survivors (1024K)
 Metaspace       used 67409K, capacity 69302K, committed 69532K, reserved 1110016K
  class space    used 8245K, capacity 8924K, committed 9036K, reserved 1048576K
}
Event: 207.200 GC heap before
{Heap before GC invocations=103 (full 0):
 garbage-first heap   total 254976K, used 95886K [0x0000000080000000, 0x0000000100000000)
  region size 1024K, 13 young (13312K), 1 survivors (1024K)
 Metaspace       used 67409K, capacity 69302K, committed 69532K, reserved 1110016K
  class space    used 8245K, capacity 8924K, committed 9036K, reserved 1048576K
}
Event: 207.203 GC heap after
{Heap after GC invocations=104 (full 0):
 garbage-first heap   total 254976K, used 84959K [0x0000000080000000, 0x0000000100000000)
  region size 1024K, 2 young (2048K), 2 survivors (2048K)
 Metaspace       used 67409K, capacity 69302K, committed 69532K, reserved 1110016K
  class space    used 8245K, capacity 8924K, committed 9036K, reserved 1048576K
}
Event: 207.245 GC heap before
{Heap before GC invocations=104 (full 0):
 garbage-first heap   total 254976K, used 96223K [0x0000000080000000, 0x0000000100000000)
  region size 1024K, 14 young (14336K), 2 survivors (2048K)
 Metaspace       used 67409K, capacity 69302K, committed 69532K, reserved 1110016K
  class space    used 8245K, capacity 8924K, committed 9036K, reserved 1048576K
}
Event: 207.247 GC heap after
{Heap after GC invocations=105 (full 0):
 garbage-first heap   total 254976K, used 84693K [0x0000000080000000, 0x0000000100000000)
  region size 1024K, 1 young (1024K), 1 survivors (1024K)
 Metaspace       used 67409K, capacity 69302K, committed 69532K, reserved 1110016K
  class space    used 8245K, capacity 8924K, committed 9036K, reserved 1048576K
}
Event: 207.292 GC heap before
{Heap before GC invocations=105 (full 0):
 garbage-first heap   total 254976K, used 96981K [0x0000000080000000, 0x0000000100000000)
  region size 1024K, 13 young (13312K), 1 survivors (1024K)
 Metaspace       used 67410K, capacity 69302K, committed 69532K, reserved 1110016K
  class space    used 8245K, capacity 8924K, committed 9036K, reserved 1048576K
}
Event: 207.295 GC heap after
{Heap after GC invocations=106 (full 0):
 garbage-first heap   total 254976K, used 84734K [0x0000000080000000, 0x0000000100000000)
  region size 1024K, 1 young (1024K), 1 survivors (1024K)
 Metaspace       used 67410K, capacity 69302K, committed 69532K, reserved 1110016K
  class space    used 8245K, capacity 8924K, committed 9036K, reserved 1048576K
}
Event: 207.340 GC heap before
{Heap before GC invocations=106 (full 0):
 garbage-first heap   total 254976K, used 97022K [0x0000000080000000, 0x0000000100000000)
  region size 1024K, 14 young (14336K), 1 survivors (1024K)
 Metaspace       used 67410K, capacity 69302K, committed 69532K, reserved 1110016K
  class space    used 8245K, capacity 8924K, committed 9036K, reserved 1048576K
}
Event: 207.355 GC heap after
{Heap after GC invocations=107 (full 0):
 garbage-first heap   total 384000K, used 85077K [0x0000000080000000, 0x0000000100000000)
  region size 1024K, 2 young (2048K), 2 survivors (2048K)
 Metaspace       used 67410K, capacity 69302K, committed 69532K, reserved 1110016K
  class space    used 8245K, capacity 8924K, committed 9036K, reserved 1048576K
}
Event: 207.410 GC heap before
{Heap before GC invocations=107 (full 0):
 garbage-first heap   total 384000K, used 101461K [0x0000000080000000, 0x0000000100000000)
  region size 1024K, 18 young (18432K), 2 survivors (2048K)
 Metaspace       used 67410K, capacity 69302K, committed 69532K, reserved 1110016K
  class space    used 8245K, capacity 8924K, committed 9036K, reserved 1048576K
}
Event: 207.414 GC heap after
{Heap after GC invocations=108 (full 0):
 garbage-first heap   total 384000K, used 85043K [0x0000000080000000, 0x0000000100000000)
  region size 1024K, 2 young (2048K), 2 survivors (2048K)
 Metaspace       used 67410K, capacity 69302K, committed 69532K, reserved 1110016K
  class space    used 8245K, capacity 8924K, committed 9036K, reserved 1048576K
}
Event: 207.452 GC heap before
{Heap before GC invocations=108 (full 0):
 garbage-first heap   total 384000K, used 100403K [0x0000000080000000, 0x0000000100000000)
  region size 1024K, 18 young (18432K), 2 survivors (2048K)
 Metaspace       used 67410K, capacity 69302K, committed 69532K, reserved 1110016K
  class space    used 8245K, capacity 8924K, committed 9036K, reserved 1048576K
}
Event: 207.456 GC heap after
{Heap after GC invocations=109 (full 0):
 garbage-first heap   total 384000K, used 85108K [0x0000000080000000, 0x0000000100000000)
  region size 1024K, 2 young (2048K), 2 survivors (2048K)
 Metaspace       used 67410K, capacity 69302K, committed 69532K, reserved 1110016K
  class space    used 8245K, capacity 8924K, committed 9036K, reserved 1048576K
}
Event: 207.512 GC heap before
{Heap before GC invocations=109 (full 0):
 garbage-first heap   total 384000K, used 104564K [0x0000000080000000, 0x0000000100000000)
  region size 1024K, 23 young (23552K), 2 survivors (2048K)
 Metaspace       used 67410K, capacity 69302K, committed 69532K, reserved 1110016K
  class space    used 8245K, capacity 8924K, committed 9036K, reserved 1048576K
}
Event: 207.515 GC heap after
{Heap after GC invocations=110 (full 0):
 garbage-first heap   total 384000K, used 85195K [0x0000000080000000, 0x0000000100000000)
  region size 1024K, 2 young (2048K), 2 survivors (2048K)
 Metaspace       used 67410K, capacity 69302K, committed 69532K, reserved 1110016K
  class space    used 8245K, capacity 8924K, committed 9036K, reserved 1048576K
}
Event: 207.623 GC heap before
{Heap before GC invocations=110 (full 0):
 garbage-first heap   total 384000K, used 108747K [0x0000000080000000, 0x0000000100000000)
  region size 1024K, 27 young (27648K), 2 survivors (2048K)
 Metaspace       used 67411K, capacity 69302K, committed 69532K, reserved 1110016K
  class space    used 8245K, capacity 8924K, committed 9036K, reserved 1048576K
}

