# JRE version: OpenJDK Runtime Environment (11.0.11+9) (build 11.0.11+9-b60-7590822)
# Java VM: OpenJDK 64-Bit Server VM (11.0.11+9-b60-7590822, mixed mode, tiered, compressed oops, g1 gc, windows-amd64)
Heap:
 garbage-first heap   total 199680K, used 65923K [0x0000000080000000, 0x0000000100000000)
  region size 1024K, 4 young (4096K), 4 survivors (4096K)
 Metaspace       used 50880K, capacity 52404K, committed 52528K, reserved 1095680K
  class space    used 6427K, capacity 6924K, committed 7040K, reserved 1048576K
GC Heap History (20 events):
Event: 82.457 GC heap after
{Heap after GC invocations=51 (full 0):
 garbage-first heap   total 138240K, used 63334K [0x0000000080000000, 0x0000000100000000)
  region size 1024K, 2 young (2048K), 2 survivors (2048K)
 Metaspace       used 50828K, capacity 52340K, committed 52528K, reserved 1095680K
  class space    used 6427K, capacity 6924K, committed 7040K, reserved 1048576K
}
Event: 82.670 GC heap before
{Heap before GC invocations=51 (full 0):
 garbage-first heap   total 138240K, used 96102K [0x0000000080000000, 0x0000000100000000)
  region size 1024K, 36 young (36864K), 2 survivors (2048K)
 Metaspace       used 50840K, capacity 52340K, committed 52528K, reserved 1095680K
  class space    used 6427K, capacity 6924K, committed 7040K, reserved 1048576K
}
Event: 82.674 GC heap after
{Heap after GC invocations=52 (full 0):
 garbage-first heap   total 138240K, used 63464K [0x0000000080000000, 0x0000000100000000)
  region size 1024K, 2 young (2048K), 2 survivors (2048K)
 Metaspace       used 50840K, capacity 52340K, committed 52528K, reserved 1095680K
  class space    used 6427K, capacity 6924K, committed 7040K, reserved 1048576K
}
Event: 83.085 GC heap before
{Heap before GC invocations=53 (full 0):
 garbage-first heap   total 138240K, used 109544K [0x0000000080000000, 0x0000000100000000)
  region size 1024K, 47 young (48128K), 2 survivors (2048K)
 Metaspace       used 50872K, capacity 52404K, committed 52528K, reserved 1095680K
  class space    used 6427K, capacity 6924K, committed 7040K, reserved 1048576K
}
Event: 83.089 GC heap after
{Heap after GC invocations=54 (full 0):
 garbage-first heap   total 138240K, used 63936K [0x0000000080000000, 0x0000000100000000)
  region size 1024K, 3 young (3072K), 3 survivors (3072K)
 Metaspace       used 50872K, capacity 52404K, committed 52528K, reserved 1095680K
  class space    used 6427K, capacity 6924K, committed 7040K, reserved 1048576K
}
Event: 83.325 GC heap before
{Heap before GC invocations=54 (full 0):
 garbage-first heap   total 138240K, used 110016K [0x0000000080000000, 0x0000000100000000)
  region size 1024K, 49 young (50176K), 3 survivors (3072K)
 Metaspace       used 50872K, capacity 52404K, committed 52528K, reserved 1095680K
  class space    used 6427K, capacity 6924K, committed 7040K, reserved 1048576K
}
Event: 83.329 GC heap after
{Heap after GC invocations=55 (full 0):
 garbage-first heap   total 138240K, used 63970K [0x0000000080000000, 0x0000000100000000)
  region size 1024K, 3 young (3072K), 3 survivors (3072K)
 Metaspace       used 50872K, capacity 52404K, committed 52528K, reserved 1095680K
  class space    used 6427K, capacity 6924K, committed 7040K, reserved 1048576K
}
Event: 83.707 GC heap before
{Heap before GC invocations=56 (full 0):
 garbage-first heap   total 138240K, used 111074K [0x0000000080000000, 0x0000000100000000)
  region size 1024K, 51 young (52224K), 3 survivors (3072K)
 Metaspace       used 50875K, capacity 52404K, committed 52528K, reserved 1095680K
  class space    used 6427K, capacity 6924K, committed 7040K, reserved 1048576K
}
Event: 83.713 GC heap after
{Heap after GC invocations=57 (full 0):
 garbage-first heap   total 138240K, used 64317K [0x0000000080000000, 0x0000000100000000)
  region size 1024K, 3 young (3072K), 3 survivors (3072K)
 Metaspace       used 50875K, capacity 52404K, committed 52528K, reserved 1095680K
  class space    used 6427K, capacity 6924K, committed 7040K, reserved 1048576K
}
Event: 84.041 GC heap before
{Heap before GC invocations=57 (full 0):
 garbage-first heap   total 138240K, used 112445K [0x0000000080000000, 0x0000000100000000)
  region size 1024K, 51 young (52224K), 3 survivors (3072K)
 Metaspace       used 50876K, capacity 52404K, committed 52528K, reserved 1095680K
  class space    used 6427K, capacity 6924K, committed 7040K, reserved 1048576K
}
Event: 84.051 GC heap after
{Heap after GC invocations=58 (full 0):
 garbage-first heap   total 165888K, used 64361K [0x0000000080000000, 0x0000000100000000)
  region size 1024K, 3 young (3072K), 3 survivors (3072K)
 Metaspace       used 50876K, capacity 52404K, committed 52528K, reserved 1095680K
  class space    used 6427K, capacity 6924K, committed 7040K, reserved 1048576K
}
Event: 84.471 GC heap before
{Heap before GC invocations=59 (full 0):
 garbage-first heap   total 165888K, used 126825K [0x0000000080000000, 0x0000000100000000)
  region size 1024K, 66 young (67584K), 3 survivors (3072K)
 Metaspace       used 50878K, capacity 52404K, committed 52528K, reserved 1095680K
  class space    used 6427K, capacity 6924K, committed 7040K, reserved 1048576K
}
Event: 84.478 GC heap after
{Heap after GC invocations=60 (full 0):
 garbage-first heap   total 165888K, used 64803K [0x0000000080000000, 0x0000000100000000)
  region size 1024K, 3 young (3072K), 3 survivors (3072K)
 Metaspace       used 50878K, capacity 52404K, committed 52528K, reserved 1095680K
  class space    used 6427K, capacity 6924K, committed 7040K, reserved 1048576K
}
Event: 84.779 GC heap before
{Heap before GC invocations=60 (full 0):
 garbage-first heap   total 165888K, used 132387K [0x0000000080000000, 0x0000000100000000)
  region size 1024K, 69 young (70656K), 3 survivors (3072K)
 Metaspace       used 50880K, capacity 52404K, committed 52528K, reserved 1095680K
  class space    used 6427K, capacity 6924K, committed 7040K, reserved 1048576K
}
Event: 84.783 GC heap after
{Heap after GC invocations=61 (full 0):
 garbage-first heap   total 165888K, used 65049K [0x0000000080000000, 0x0000000100000000)
  region size 1024K, 3 young (3072K), 3 survivors (3072K)
 Metaspace       used 50880K, capacity 52404K, committed 52528K, reserved 1095680K
  class space    used 6427K, capacity 6924K, committed 7040K, reserved 1048576K
}
Event: 85.220 GC heap before
{Heap before GC invocations=61 (full 0):
 garbage-first heap   total 165888K, used 133657K [0x0000000080000000, 0x0000000100000000)
  region size 1024K, 70 young (71680K), 3 survivors (3072K)
 Metaspace       used 50880K, capacity 52404K, committed 52528K, reserved 1095680K
  class space    used 6427K, capacity 6924K, committed 7040K, reserved 1048576K
}
Event: 85.226 GC heap after
{Heap after GC invocations=62 (full 0):
 garbage-first heap   total 165888K, used 65448K [0x0000000080000000, 0x0000000100000000)
  region size 1024K, 4 young (4096K), 4 survivors (4096K)
 Metaspace       used 50880K, capacity 52404K, committed 52528K, reserved 1095680K
  class space    used 6427K, capacity 6924K, committed 7040K, reserved 1048576K
}
Event: 85.595 GC heap before
{Heap before GC invocations=62 (full 0):
 garbage-first heap   total 165888K, used 133032K [0x0000000080000000, 0x0000000100000000)
  region size 1024K, 71 young (72704K), 4 survivors (4096K)
 Metaspace       used 50880K, capacity 52404K, committed 52528K, reserved 1095680K
  class space    used 6427K, capacity 6924K, committed 7040K, reserved 1048576K
}
Event: 85.600 GC heap after
{Heap after GC invocations=63 (full 0):
 garbage-first heap   total 165888K, used 65542K [0x0000000080000000, 0x0000000100000000)
  region size 1024K, 4 young (4096K), 4 survivors (4096K)
 Metaspace       used 50880K, capacity 52404K, committed 52528K, reserved 1095680K
  class space    used 6427K, capacity 6924K, committed 7040K, reserved 1048576K
}
Event: 86.026 GC heap before
{Heap before GC invocations=63 (full 0):
 garbage-first heap   total 165888K, used 135174K [0x0000000080000000, 0x0000000100000000)
  region size 1024K, 72 young (73728K), 4 survivors (4096K)
 Metaspace       used 50880K, capacity 52404K, committed 52528K, reserved 1095680K
  class space    used 6427K, capacity 6924K, committed 7040K, reserved 1048576K
}

